<!doctype html>
<html lang="en"><head><meta charSet="utf-8"/><meta http-equiv="X-UA-Compatible" content="IE=edge"/><meta name="viewport" content="width=device-width, initial-scale=1"/><title>Mochawesome Report</title><link rel="stylesheet" href="assets\app.css"/></head><body data-raw="{&quot;stats&quot;:{&quot;suites&quot;:3,&quot;tests&quot;:4,&quot;passes&quot;:0,&quot;pending&quot;:0,&quot;failures&quot;:4,&quot;testsRegistered&quot;:4,&quot;passPercent&quot;:0,&quot;pendingPercent&quot;:0,&quot;other&quot;:0,&quot;hasOther&quot;:false,&quot;skipped&quot;:0,&quot;hasSkipped&quot;:false,&quot;start&quot;:&quot;2024-12-22T18:54:08.106Z&quot;,&quot;end&quot;:&quot;2024-12-22T18:54:31.496Z&quot;,&quot;duration&quot;:23390},&quot;results&quot;:[{&quot;uuid&quot;:&quot;82ab10c3-38b4-4fb5-aed7-4eb104caffde&quot;,&quot;title&quot;:&quot;&quot;,&quot;fullFile&quot;:&quot;cypress\\e2e\\tests\\loginTest.cy.js&quot;,&quot;file&quot;:&quot;cypress\\e2e\\tests\\loginTest.cy.js&quot;,&quot;beforeHooks&quot;:[],&quot;afterHooks&quot;:[],&quot;tests&quot;:[],&quot;suites&quot;:[{&quot;uuid&quot;:&quot;779d3458-cfcc-4f36-86c3-42c8e376a381&quot;,&quot;title&quot;:&quot;Login test&quot;,&quot;fullFile&quot;:&quot;cypress\\e2e\\tests\\loginTest.cy.js&quot;,&quot;file&quot;:&quot;cypress\\e2e\\tests\\loginTest.cy.js&quot;,&quot;beforeHooks&quot;:[],&quot;afterHooks&quot;:[],&quot;tests&quot;:[{&quot;title&quot;:&quot;should log in and log out successfully&quot;,&quot;fullTitle&quot;:&quot;Login test should log in and log out successfully&quot;,&quot;timedOut&quot;:null,&quot;duration&quot;:203,&quot;state&quot;:&quot;failed&quot;,&quot;speed&quot;:null,&quot;pass&quot;:false,&quot;fail&quot;:true,&quot;pending&quot;:false,&quot;context&quot;:&quot;[\n    {\n        \&quot;title\&quot;: \&quot;Failed screenshot\&quot;,\n        \&quot;value\&quot;: \&quot;screenshots\\\\loginTest.cy.js/Login%20test%20--%20should%20log%20in%20and%20log%20out%20successfully%20(failed).png\&quot;\n    }\n]&quot;,&quot;code&quot;:&quot;cy.visit(\&quot;https://demo.nopcommerce.com/\&quot;);\n_loginPage.loginPage.fillLoginForm({\n  email: (void 0).userData.email,\n  password: (void 0).userData.password\n});\n_loginPage.loginPage.submit();\n_loginPage.loginPage.verifySuccess();\n_loginPage.loginPage.logout();&quot;,&quot;err&quot;:{&quot;message&quot;:&quot;TypeError: Cannot read properties of undefined (reading &#x27;userData&#x27;)&quot;,&quot;estack&quot;:&quot;TypeError: Cannot read properties of undefined (reading &#x27;userData&#x27;)\n    at Context.eval (webpack://cypresstest/./cypress/e2e/tests/loginTest.cy.js:11:18)&quot;,&quot;diff&quot;:null},&quot;uuid&quot;:&quot;d0a3d93c-ed2b-4a79-af84-eaa34ecb0a56&quot;,&quot;parentUUID&quot;:&quot;779d3458-cfcc-4f36-86c3-42c8e376a381&quot;,&quot;isHook&quot;:false,&quot;skipped&quot;:false}],&quot;suites&quot;:[],&quot;passes&quot;:[],&quot;failures&quot;:[&quot;d0a3d93c-ed2b-4a79-af84-eaa34ecb0a56&quot;],&quot;pending&quot;:[],&quot;skipped&quot;:[],&quot;duration&quot;:203,&quot;root&quot;:false,&quot;rootEmpty&quot;:false,&quot;_timeout&quot;:2000}],&quot;passes&quot;:[],&quot;failures&quot;:[],&quot;pending&quot;:[],&quot;skipped&quot;:[],&quot;duration&quot;:0,&quot;root&quot;:true,&quot;rootEmpty&quot;:true,&quot;_timeout&quot;:2000},{&quot;uuid&quot;:&quot;1de14c9b-c3e3-4bcb-a46a-5d4845a60e3a&quot;,&quot;title&quot;:&quot;&quot;,&quot;fullFile&quot;:&quot;cypress\\e2e\\tests\\registerTest.cy.js&quot;,&quot;file&quot;:&quot;cypress\\e2e\\tests\\registerTest.cy.js&quot;,&quot;beforeHooks&quot;:[],&quot;afterHooks&quot;:[],&quot;tests&quot;:[],&quot;suites&quot;:[{&quot;uuid&quot;:&quot;c22cffd1-6650-4d20-9c10-9aa47eef7c3f&quot;,&quot;title&quot;:&quot;Register test&quot;,&quot;fullFile&quot;:&quot;cypress\\e2e\\tests\\registerTest.cy.js&quot;,&quot;file&quot;:&quot;cypress\\e2e\\tests\\registerTest.cy.js&quot;,&quot;beforeHooks&quot;:[],&quot;afterHooks&quot;:[],&quot;tests&quot;:[{&quot;title&quot;:&quot;should register a new user successfully&quot;,&quot;fullTitle&quot;:&quot;Register test should register a new user successfully&quot;,&quot;timedOut&quot;:null,&quot;duration&quot;:8212,&quot;state&quot;:&quot;failed&quot;,&quot;speed&quot;:null,&quot;pass&quot;:false,&quot;fail&quot;:true,&quot;pending&quot;:false,&quot;context&quot;:&quot;[\n    {\n        \&quot;title\&quot;: \&quot;Failed screenshot\&quot;,\n        \&quot;value\&quot;: \&quot;screenshots\\\\registerTest.cy.js/Register%20test%20--%20should%20register%20a%20new%20user%20successfully%20(failed).png\&quot;\n    }\n]&quot;,&quot;code&quot;:&quot;cy.visit(\&quot;https://demo.nopcommerce.com/\&quot;);\n_registerPage.registerPage.fillForm({\n  fistName: \&quot;Anna\&quot;,\n  lastName: \&quot;Doe\&quot;,\n  day: \&quot;3\&quot;,\n  month: \&quot;July\&quot;,\n  year: \&quot;1995\&quot;,\n  company: \&quot;Testers\&quot;,\n  email: \&quot;annadoe@gmail.com\&quot;,\n  password: \&quot;A123456!\&quot;\n});\n_registerPage.registerPage.submitForm();\n_registerPage.registerPage.verifySuccess();&quot;,&quot;err&quot;:{&quot;message&quot;:&quot;AssertionError: Timed out retrying after 4000ms: Expected to find element: `.result`, but never found it.&quot;,&quot;estack&quot;:&quot;AssertionError: Timed out retrying after 4000ms: Expected to find element: `.result`, but never found it.\n    at RegisterPage.verifySuccess (webpack://cypresstest/./cypress/pages/registerPage.js:19:22)\n    at Context.eval (webpack://cypresstest/./cypress/e2e/tests/registerTest.cy.js:18:17)&quot;,&quot;diff&quot;:null},&quot;uuid&quot;:&quot;c6b1fc07-ae07-4aef-b5c7-93d5a33816da&quot;,&quot;parentUUID&quot;:&quot;c22cffd1-6650-4d20-9c10-9aa47eef7c3f&quot;,&quot;isHook&quot;:false,&quot;skipped&quot;:false}],&quot;suites&quot;:[],&quot;passes&quot;:[],&quot;failures&quot;:[&quot;c6b1fc07-ae07-4aef-b5c7-93d5a33816da&quot;],&quot;pending&quot;:[],&quot;skipped&quot;:[],&quot;duration&quot;:8212,&quot;root&quot;:false,&quot;rootEmpty&quot;:false,&quot;_timeout&quot;:2000}],&quot;passes&quot;:[],&quot;failures&quot;:[],&quot;pending&quot;:[],&quot;skipped&quot;:[],&quot;duration&quot;:0,&quot;root&quot;:true,&quot;rootEmpty&quot;:true,&quot;_timeout&quot;:2000},{&quot;uuid&quot;:&quot;affe8633-c0d8-4e6b-b316-be559c852586&quot;,&quot;title&quot;:&quot;&quot;,&quot;fullFile&quot;:&quot;cypress\\e2e\\tests\\dashboardTest.cy.js&quot;,&quot;file&quot;:&quot;cypress\\e2e\\tests\\dashboardTest.cy.js&quot;,&quot;beforeHooks&quot;:[],&quot;afterHooks&quot;:[],&quot;tests&quot;:[],&quot;suites&quot;:[{&quot;uuid&quot;:&quot;9a981577-c33e-4251-aa30-78465947d075&quot;,&quot;title&quot;:&quot;Dashboard test&quot;,&quot;fullFile&quot;:&quot;cypress\\e2e\\tests\\dashboardTest.cy.js&quot;,&quot;file&quot;:&quot;cypress\\e2e\\tests\\dashboardTest.cy.js&quot;,&quot;beforeHooks&quot;:[],&quot;afterHooks&quot;:[],&quot;tests&quot;:[{&quot;title&quot;:&quot;should navigate to Notebooks and apply filters&quot;,&quot;fullTitle&quot;:&quot;Dashboard test should navigate to Notebooks and apply filters&quot;,&quot;timedOut&quot;:null,&quot;duration&quot;:5274,&quot;state&quot;:&quot;failed&quot;,&quot;speed&quot;:null,&quot;pass&quot;:false,&quot;fail&quot;:true,&quot;pending&quot;:false,&quot;context&quot;:&quot;[\n    {\n        \&quot;title\&quot;: \&quot;Failed screenshot\&quot;,\n        \&quot;value\&quot;: \&quot;screenshots\\\\dashboardTest.cy.js/Dashboard%20test%20--%20should%20navigate%20to%20Notebooks%20and%20apply%20filters%20(failed).png\&quot;\n    }\n]&quot;,&quot;code&quot;:&quot;_dashboardPage.dashboardPage.navigateToNotebooks();\n_dashboardPage.dashboardPage.applyDisplayFilter(\&quot;9\&quot;);\n_dashboardPage.dashboardPage.applyAttributeFilter(\&quot;attribute-16GB\&quot;);\n_dashboardPage.dashboardPage.clearAttributeFilter(\&quot;attribute-16GB\&quot;);&quot;,&quot;err&quot;:{&quot;message&quot;:&quot;ReferenceError: displayOption is not defined&quot;,&quot;estack&quot;:&quot;ReferenceError: displayOption is not defined\n    at DashboardPage.applyDisplayFilter (webpack://cypresstest/./cypress/pages/dashboardPage.js:9:46)\n    at Context.eval (webpack://cypresstest/./cypress/e2e/tests/dashboardTest.cy.js:17:18)&quot;,&quot;diff&quot;:null},&quot;uuid&quot;:&quot;eeaa275e-0c1a-4976-9bf7-863983e8d88b&quot;,&quot;parentUUID&quot;:&quot;9a981577-c33e-4251-aa30-78465947d075&quot;,&quot;isHook&quot;:false,&quot;skipped&quot;:false},{&quot;title&quot;:&quot;should add items to Wishlist and Shopping Cart&quot;,&quot;fullTitle&quot;:&quot;Dashboard test should add items to Wishlist and Shopping Cart&quot;,&quot;timedOut&quot;:null,&quot;duration&quot;:4152,&quot;state&quot;:&quot;failed&quot;,&quot;speed&quot;:null,&quot;pass&quot;:false,&quot;fail&quot;:true,&quot;pending&quot;:false,&quot;context&quot;:&quot;[\n    {\n        \&quot;title\&quot;: \&quot;Failed screenshot\&quot;,\n        \&quot;value\&quot;: \&quot;screenshots\\\\dashboardTest.cy.js/Dashboard%20test%20--%20should%20add%20items%20to%20Wishlist%20and%20Shopping%20Cart%20(failed).png\&quot;\n    }\n]&quot;,&quot;code&quot;:&quot;_dashboardPage.dashboardPage.addToWishlist(2);\n_dashboardPage.dashboardPage.addToWishlist(3);\n_dashboardPage.dashboardPage.addToShoppingCart(5);\n_dashboardPage.dashboardPage.addToShoppingCart(6);\n_dashboardPage.dashboardPage.verifyMenuCounts(2, 2);&quot;,&quot;err&quot;:{&quot;message&quot;:&quot;AssertionError: Timed out retrying after 4000ms: Expected to find element: `.product-item`, but never found it.&quot;,&quot;estack&quot;:&quot;AssertionError: Timed out retrying after 4000ms: Expected to find element: `.product-item`, but never found it.\n    at DashboardPage.addToWishlist (webpack://cypresstest/./cypress/pages/dashboardPage.js:53:7)\n    at Context.eval (webpack://cypresstest/./cypress/e2e/tests/dashboardTest.cy.js:23:18)&quot;,&quot;diff&quot;:null},&quot;uuid&quot;:&quot;ecd3fe38-41f3-4a9c-80fe-b0b2ae8533e1&quot;,&quot;parentUUID&quot;:&quot;9a981577-c33e-4251-aa30-78465947d075&quot;,&quot;isHook&quot;:false,&quot;skipped&quot;:false}],&quot;suites&quot;:[],&quot;passes&quot;:[],&quot;failures&quot;:[&quot;eeaa275e-0c1a-4976-9bf7-863983e8d88b&quot;,&quot;ecd3fe38-41f3-4a9c-80fe-b0b2ae8533e1&quot;],&quot;pending&quot;:[],&quot;skipped&quot;:[],&quot;duration&quot;:9426,&quot;root&quot;:false,&quot;rootEmpty&quot;:false,&quot;_timeout&quot;:2000}],&quot;passes&quot;:[],&quot;failures&quot;:[],&quot;pending&quot;:[],&quot;skipped&quot;:[],&quot;duration&quot;:0,&quot;root&quot;:true,&quot;rootEmpty&quot;:true,&quot;_timeout&quot;:2000}],&quot;meta&quot;:{&quot;mocha&quot;:{&quot;version&quot;:&quot;7.0.1&quot;},&quot;mochawesome&quot;:{&quot;options&quot;:{&quot;quiet&quot;:false,&quot;reportFilename&quot;:&quot;mochawesome&quot;,&quot;saveHtml&quot;:false,&quot;saveJson&quot;:true,&quot;consoleReporter&quot;:&quot;spec&quot;,&quot;useInlineDiffs&quot;:false,&quot;code&quot;:true},&quot;version&quot;:&quot;7.1.3&quot;},&quot;marge&quot;:{&quot;options&quot;:{&quot;reportDir&quot;:&quot;cypress\\reports\\.jsons&quot;,&quot;overwrite&quot;:false,&quot;html&quot;:false,&quot;json&quot;:true},&quot;version&quot;:&quot;6.2.0&quot;}}}" data-config="{&quot;reportFilename&quot;:&quot;index.html&quot;,&quot;reportDir&quot;:&quot;C:\\Users\\User\\OneDrive\\Desktop\\CypressTest\\cypress\\reports&quot;,&quot;reportTitle&quot;:&quot;CypressTest&quot;,&quot;reportPageTitle&quot;:&quot;Mochawesome Report&quot;,&quot;inline&quot;:false,&quot;inlineAssets&quot;:false,&quot;cdn&quot;:false,&quot;charts&quot;:false,&quot;enableCharts&quot;:false,&quot;code&quot;:true,&quot;enableCode&quot;:true,&quot;autoOpen&quot;:false,&quot;overwrite&quot;:false,&quot;timestamp&quot;:false,&quot;ts&quot;:false,&quot;showPassed&quot;:true,&quot;showFailed&quot;:true,&quot;showPending&quot;:true,&quot;showSkipped&quot;:false,&quot;showHooks&quot;:&quot;failed&quot;,&quot;saveJson&quot;:false,&quot;saveHtml&quot;:true,&quot;dev&quot;:false,&quot;assetsDir&quot;:&quot;C:\\Users\\User\\OneDrive\\Desktop\\CypressTest\\cypress\\reports\\assets&quot;,&quot;htmlFile&quot;:&quot;C:\\Users\\User\\OneDrive\\Desktop\\CypressTest\\cypress\\reports\\index.html&quot;}"><div id="report"></div><script src="assets\app.js"></script></body></html>